<?xml version="1.0" encoding="UTF-8"?>
<testng-results ignored="1" total="2" passed="1" failed="0" skipped="0">
  <reporter-output>
  </reporter-output>
  <suite started-at="2023-12-23T21:18:37 IST" name="test.LoginTest" finished-at="2023-12-23T21:19:48 IST" duration-ms="71039">
    <groups>
    </groups>
    <test started-at="2023-12-23T21:18:37 IST" name="Command line test" finished-at="2023-12-23T21:19:48 IST" duration-ms="71039">
      <class name="test.LoginTest">
        <test-method is-config="true" signature="m1()[pri:0, instance:test.LoginTest@75d2da2d]" started-at="2023-12-23T21:18:37 IST" name="m1" finished-at="2023-12-23T21:19:47 IST" duration-ms="70578" status="PASS">
          <reporter-output>
          </reporter-output>
        </test-method> <!-- m1 -->
        <test-method signature="log()[pri:0, instance:test.LoginTest@75d2da2d]" started-at="2023-12-23T21:19:47 IST" name="log" finished-at="2023-12-23T21:19:47 IST" duration-ms="22" status="PASS">
          <reporter-output>
          </reporter-output>
        </test-method> <!-- log -->
        <test-method is-config="true" signature="m2()[pri:0, instance:test.LoginTest@75d2da2d]" started-at="2023-12-23T21:19:47 IST" name="m2" finished-at="2023-12-23T21:19:48 IST" duration-ms="382" status="PASS">
          <reporter-output>
          </reporter-output>
        </test-method> <!-- m2 -->
      </class> <!-- test.LoginTest -->
    </test> <!-- Command line test -->
  </suite> <!-- test.LoginTest -->
</testng-results>
